<?xml version="1.0" encoding="UTF-8"?>
<testsuite xmlns:xsi="http://www.w3.org/2001/XMLSchema-instance" xsi:noNamespaceSchemaLocation="https://maven.apache.org/surefire/maven-surefire-plugin/xsd/surefire-test-report-3.0.xsd" version="3.0" name="org.donatien.StreamLambdaHandlerTest" time="3.926" tests="2" errors="0" skipped="0" failures="0">
  <properties>
    <property name="java.specification.version" value="17"/>
    <property name="sun.jnu.encoding" value="UTF-8"/>
    <property name="java.class.path" value="/Users/macosmonterey/Desktop/projects/spring-boot-lambda/target/test-classes:/Users/macosmonterey/Desktop/projects/spring-boot-lambda/target/classes:/Users/macosmonterey/.m2/repository/com/amazonaws/serverless/aws-serverless-java-container-springboot3/2.0.0-M2/aws-serverless-java-container-springboot3-2.0.0-M2.jar:/Users/macosmonterey/.m2/repository/org/springframework/cloud/spring-cloud-function-serverless-web/4.0.4/spring-cloud-function-serverless-web-4.0.4.jar:/Users/macosmonterey/.m2/repository/com/amazonaws/serverless/aws-serverless-java-container-core/2.0.0-M2/aws-serverless-java-container-core-2.0.0-M2.jar:/Users/macosmonterey/.m2/repository/org/slf4j/slf4j-api/2.0.7/slf4j-api-2.0.7.jar:/Users/macosmonterey/.m2/repository/com/amazonaws/serverless/aws-serverless-java-container-core/2.0.0-M2/aws-serverless-java-container-core-2.0.0-M2-tests.jar:/Users/macosmonterey/.m2/repository/com/amazonaws/aws-lambda-java-core/1.2.2/aws-lambda-java-core-1.2.2.jar:/Users/macosmonterey/.m2/repository/jakarta/servlet/jakarta.servlet-api/6.0.0/jakarta.servlet-api-6.0.0.jar:/Users/macosmonterey/.m2/repository/jakarta/ws/rs/jakarta.ws.rs-api/3.1.0/jakarta.ws.rs-api-3.1.0.jar:/Users/macosmonterey/.m2/repository/com/fasterxml/jackson/core/jackson-databind/2.15.2/jackson-databind-2.15.2.jar:/Users/macosmonterey/.m2/repository/com/fasterxml/jackson/core/jackson-annotations/2.15.2/jackson-annotations-2.15.2.jar:/Users/macosmonterey/.m2/repository/com/fasterxml/jackson/core/jackson-core/2.15.2/jackson-core-2.15.2.jar:/Users/macosmonterey/.m2/repository/com/fasterxml/jackson/module/jackson-module-afterburner/2.15.2/jackson-module-afterburner-2.15.2.jar:/Users/macosmonterey/.m2/repository/org/apache/commons/commons-fileupload2-jakarta/2.0.0-M1/commons-fileupload2-jakarta-2.0.0-M1.jar:/Users/macosmonterey/.m2/repository/org/apache/commons/commons-fileupload2-core/2.0.0-M1/commons-fileupload2-core-2.0.0-M1.jar:/Users/macosmonterey/.m2/repository/commons-io/commons-io/2.13.0/commons-io-2.13.0.jar:/Users/macosmonterey/.m2/repository/org/apache/httpcomponents/client5/httpclient5/5.2.1/httpclient5-5.2.1.jar:/Users/macosmonterey/.m2/repository/org/apache/httpcomponents/core5/httpcore5/5.2.2/httpcore5-5.2.2.jar:/Users/macosmonterey/.m2/repository/org/apache/httpcomponents/core5/httpcore5-h2/5.2.2/httpcore5-h2-5.2.2.jar:/Users/macosmonterey/.m2/repository/org/springframework/boot/spring-boot-starter-web/3.1.2/spring-boot-starter-web-3.1.2.jar:/Users/macosmonterey/.m2/repository/org/springframework/boot/spring-boot-starter/3.1.2/spring-boot-starter-3.1.2.jar:/Users/macosmonterey/.m2/repository/org/springframework/boot/spring-boot/3.1.2/spring-boot-3.1.2.jar:/Users/macosmonterey/.m2/repository/org/springframework/boot/spring-boot-autoconfigure/3.1.2/spring-boot-autoconfigure-3.1.2.jar:/Users/macosmonterey/.m2/repository/org/springframework/boot/spring-boot-starter-logging/3.1.2/spring-boot-starter-logging-3.1.2.jar:/Users/macosmonterey/.m2/repository/ch/qos/logback/logback-classic/1.4.8/logback-classic-1.4.8.jar:/Users/macosmonterey/.m2/repository/ch/qos/logback/logback-core/1.4.8/logback-core-1.4.8.jar:/Users/macosmonterey/.m2/repository/org/apache/logging/log4j/log4j-to-slf4j/2.20.0/log4j-to-slf4j-2.20.0.jar:/Users/macosmonterey/.m2/repository/org/apache/logging/log4j/log4j-api/2.20.0/log4j-api-2.20.0.jar:/Users/macosmonterey/.m2/repository/org/slf4j/jul-to-slf4j/2.0.7/jul-to-slf4j-2.0.7.jar:/Users/macosmonterey/.m2/repository/jakarta/annotation/jakarta.annotation-api/2.1.1/jakarta.annotation-api-2.1.1.jar:/Users/macosmonterey/.m2/repository/org/springframework/spring-core/6.0.11/spring-core-6.0.11.jar:/Users/macosmonterey/.m2/repository/org/springframework/spring-jcl/6.0.11/spring-jcl-6.0.11.jar:/Users/macosmonterey/.m2/repository/org/yaml/snakeyaml/1.33/snakeyaml-1.33.jar:/Users/macosmonterey/.m2/repository/org/springframework/boot/spring-boot-starter-json/3.1.2/spring-boot-starter-json-3.1.2.jar:/Users/macosmonterey/.m2/repository/com/fasterxml/jackson/datatype/jackson-datatype-jdk8/2.15.2/jackson-datatype-jdk8-2.15.2.jar:/Users/macosmonterey/.m2/repository/com/fasterxml/jackson/datatype/jackson-datatype-jsr310/2.15.2/jackson-datatype-jsr310-2.15.2.jar:/Users/macosmonterey/.m2/repository/com/fasterxml/jackson/module/jackson-module-parameter-names/2.15.2/jackson-module-parameter-names-2.15.2.jar:/Users/macosmonterey/.m2/repository/org/springframework/spring-web/6.0.11/spring-web-6.0.11.jar:/Users/macosmonterey/.m2/repository/org/springframework/spring-beans/6.0.11/spring-beans-6.0.11.jar:/Users/macosmonterey/.m2/repository/io/micrometer/micrometer-observation/1.11.2/micrometer-observation-1.11.2.jar:/Users/macosmonterey/.m2/repository/io/micrometer/micrometer-commons/1.11.2/micrometer-commons-1.11.2.jar:/Users/macosmonterey/.m2/repository/org/springframework/spring-webmvc/6.0.11/spring-webmvc-6.0.11.jar:/Users/macosmonterey/.m2/repository/org/springframework/spring-aop/6.0.11/spring-aop-6.0.11.jar:/Users/macosmonterey/.m2/repository/org/springframework/spring-context/6.0.11/spring-context-6.0.11.jar:/Users/macosmonterey/.m2/repository/org/springframework/spring-expression/6.0.11/spring-expression-6.0.11.jar:/Users/macosmonterey/.m2/repository/org/springframework/boot/spring-boot-starter-data-jpa/3.1.2/spring-boot-starter-data-jpa-3.1.2.jar:/Users/macosmonterey/.m2/repository/org/springframework/boot/spring-boot-starter-aop/3.1.2/spring-boot-starter-aop-3.1.2.jar:/Users/macosmonterey/.m2/repository/org/aspectj/aspectjweaver/1.9.19/aspectjweaver-1.9.19.jar:/Users/macosmonterey/.m2/repository/org/springframework/boot/spring-boot-starter-jdbc/3.1.2/spring-boot-starter-jdbc-3.1.2.jar:/Users/macosmonterey/.m2/repository/com/zaxxer/HikariCP/5.0.1/HikariCP-5.0.1.jar:/Users/macosmonterey/.m2/repository/org/springframework/spring-jdbc/6.0.11/spring-jdbc-6.0.11.jar:/Users/macosmonterey/.m2/repository/org/hibernate/orm/hibernate-core/6.2.6.Final/hibernate-core-6.2.6.Final.jar:/Users/macosmonterey/.m2/repository/jakarta/persistence/jakarta.persistence-api/3.1.0/jakarta.persistence-api-3.1.0.jar:/Users/macosmonterey/.m2/repository/jakarta/transaction/jakarta.transaction-api/2.0.1/jakarta.transaction-api-2.0.1.jar:/Users/macosmonterey/.m2/repository/org/jboss/logging/jboss-logging/3.5.3.Final/jboss-logging-3.5.3.Final.jar:/Users/macosmonterey/.m2/repository/org/hibernate/common/hibernate-commons-annotations/6.0.6.Final/hibernate-commons-annotations-6.0.6.Final.jar:/Users/macosmonterey/.m2/repository/io/smallrye/jandex/3.0.5/jandex-3.0.5.jar:/Users/macosmonterey/.m2/repository/com/fasterxml/classmate/1.5.1/classmate-1.5.1.jar:/Users/macosmonterey/.m2/repository/net/bytebuddy/byte-buddy/1.14.5/byte-buddy-1.14.5.jar:/Users/macosmonterey/.m2/repository/jakarta/xml/bind/jakarta.xml.bind-api/4.0.0/jakarta.xml.bind-api-4.0.0.jar:/Users/macosmonterey/.m2/repository/jakarta/activation/jakarta.activation-api/2.1.2/jakarta.activation-api-2.1.2.jar:/Users/macosmonterey/.m2/repository/org/glassfish/jaxb/jaxb-runtime/4.0.3/jaxb-runtime-4.0.3.jar:/Users/macosmonterey/.m2/repository/org/glassfish/jaxb/jaxb-core/4.0.3/jaxb-core-4.0.3.jar:/Users/macosmonterey/.m2/repository/org/eclipse/angus/angus-activation/2.0.1/angus-activation-2.0.1.jar:/Users/macosmonterey/.m2/repository/org/glassfish/jaxb/txw2/4.0.3/txw2-4.0.3.jar:/Users/macosmonterey/.m2/repository/com/sun/istack/istack-commons-runtime/4.1.2/istack-commons-runtime-4.1.2.jar:/Users/macosmonterey/.m2/repository/jakarta/inject/jakarta.inject-api/2.0.1/jakarta.inject-api-2.0.1.jar:/Users/macosmonterey/.m2/repository/org/antlr/antlr4-runtime/4.10.1/antlr4-runtime-4.10.1.jar:/Users/macosmonterey/.m2/repository/org/springframework/data/spring-data-jpa/3.1.2/spring-data-jpa-3.1.2.jar:/Users/macosmonterey/.m2/repository/org/springframework/data/spring-data-commons/3.1.2/spring-data-commons-3.1.2.jar:/Users/macosmonterey/.m2/repository/org/springframework/spring-orm/6.0.11/spring-orm-6.0.11.jar:/Users/macosmonterey/.m2/repository/org/springframework/spring-tx/6.0.11/spring-tx-6.0.11.jar:/Users/macosmonterey/.m2/repository/org/springframework/spring-aspects/6.0.11/spring-aspects-6.0.11.jar:/Users/macosmonterey/.m2/repository/org/projectlombok/lombok/1.18.28/lombok-1.18.28.jar:/Users/macosmonterey/.m2/repository/com/h2database/h2/2.1.214/h2-2.1.214.jar:/Users/macosmonterey/.m2/repository/org/junit/jupiter/junit-jupiter/5.9.3/junit-jupiter-5.9.3.jar:/Users/macosmonterey/.m2/repository/org/junit/jupiter/junit-jupiter-api/5.9.3/junit-jupiter-api-5.9.3.jar:/Users/macosmonterey/.m2/repository/org/opentest4j/opentest4j/1.2.0/opentest4j-1.2.0.jar:/Users/macosmonterey/.m2/repository/org/junit/platform/junit-platform-commons/1.9.3/junit-platform-commons-1.9.3.jar:/Users/macosmonterey/.m2/repository/org/apiguardian/apiguardian-api/1.1.2/apiguardian-api-1.1.2.jar:/Users/macosmonterey/.m2/repository/org/junit/jupiter/junit-jupiter-params/5.9.3/junit-jupiter-params-5.9.3.jar:/Users/macosmonterey/.m2/repository/org/junit/jupiter/junit-jupiter-engine/5.9.3/junit-jupiter-engine-5.9.3.jar:/Users/macosmonterey/.m2/repository/org/junit/platform/junit-platform-engine/1.9.3/junit-platform-engine-1.9.3.jar:"/>
    <property name="java.vm.vendor" value="Oracle Corporation"/>
    <property name="sun.arch.data.model" value="64"/>
    <property name="java.vendor.url" value="https://java.oracle.com/"/>
    <property name="user.timezone" value="America/Montreal"/>
    <property name="org.jboss.logging.provider" value="slf4j"/>
    <property name="os.name" value="Mac OS X"/>
    <property name="java.vm.specification.version" value="17"/>
    <property name="sun.java.launcher" value="SUN_STANDARD"/>
    <property name="user.country" value="US"/>
    <property name="sun.boot.library.path" value="/Library/Java/JavaVirtualMachines/jdk-17.jdk/Contents/Home/lib"/>
    <property name="sun.java.command" value="/Users/macosmonterey/Desktop/projects/spring-boot-lambda/target/surefire/surefirebooter-20240328144602654_3.jar /Users/macosmonterey/Desktop/projects/spring-boot-lambda/target/surefire 2024-03-28T14-46-02_574-jvmRun1 surefire-20240328144602654_1tmp surefire_0-20240328144602654_2tmp"/>
    <property name="http.nonProxyHosts" value="local|*.local|169.254/16|*.169.254/16"/>
    <property name="jdk.debug" value="release"/>
    <property name="surefire.test.class.path" value="/Users/macosmonterey/Desktop/projects/spring-boot-lambda/target/test-classes:/Users/macosmonterey/Desktop/projects/spring-boot-lambda/target/classes:/Users/macosmonterey/.m2/repository/com/amazonaws/serverless/aws-serverless-java-container-springboot3/2.0.0-M2/aws-serverless-java-container-springboot3-2.0.0-M2.jar:/Users/macosmonterey/.m2/repository/org/springframework/cloud/spring-cloud-function-serverless-web/4.0.4/spring-cloud-function-serverless-web-4.0.4.jar:/Users/macosmonterey/.m2/repository/com/amazonaws/serverless/aws-serverless-java-container-core/2.0.0-M2/aws-serverless-java-container-core-2.0.0-M2.jar:/Users/macosmonterey/.m2/repository/org/slf4j/slf4j-api/2.0.7/slf4j-api-2.0.7.jar:/Users/macosmonterey/.m2/repository/com/amazonaws/serverless/aws-serverless-java-container-core/2.0.0-M2/aws-serverless-java-container-core-2.0.0-M2-tests.jar:/Users/macosmonterey/.m2/repository/com/amazonaws/aws-lambda-java-core/1.2.2/aws-lambda-java-core-1.2.2.jar:/Users/macosmonterey/.m2/repository/jakarta/servlet/jakarta.servlet-api/6.0.0/jakarta.servlet-api-6.0.0.jar:/Users/macosmonterey/.m2/repository/jakarta/ws/rs/jakarta.ws.rs-api/3.1.0/jakarta.ws.rs-api-3.1.0.jar:/Users/macosmonterey/.m2/repository/com/fasterxml/jackson/core/jackson-databind/2.15.2/jackson-databind-2.15.2.jar:/Users/macosmonterey/.m2/repository/com/fasterxml/jackson/core/jackson-annotations/2.15.2/jackson-annotations-2.15.2.jar:/Users/macosmonterey/.m2/repository/com/fasterxml/jackson/core/jackson-core/2.15.2/jackson-core-2.15.2.jar:/Users/macosmonterey/.m2/repository/com/fasterxml/jackson/module/jackson-module-afterburner/2.15.2/jackson-module-afterburner-2.15.2.jar:/Users/macosmonterey/.m2/repository/org/apache/commons/commons-fileupload2-jakarta/2.0.0-M1/commons-fileupload2-jakarta-2.0.0-M1.jar:/Users/macosmonterey/.m2/repository/org/apache/commons/commons-fileupload2-core/2.0.0-M1/commons-fileupload2-core-2.0.0-M1.jar:/Users/macosmonterey/.m2/repository/commons-io/commons-io/2.13.0/commons-io-2.13.0.jar:/Users/macosmonterey/.m2/repository/org/apache/httpcomponents/client5/httpclient5/5.2.1/httpclient5-5.2.1.jar:/Users/macosmonterey/.m2/repository/org/apache/httpcomponents/core5/httpcore5/5.2.2/httpcore5-5.2.2.jar:/Users/macosmonterey/.m2/repository/org/apache/httpcomponents/core5/httpcore5-h2/5.2.2/httpcore5-h2-5.2.2.jar:/Users/macosmonterey/.m2/repository/org/springframework/boot/spring-boot-starter-web/3.1.2/spring-boot-starter-web-3.1.2.jar:/Users/macosmonterey/.m2/repository/org/springframework/boot/spring-boot-starter/3.1.2/spring-boot-starter-3.1.2.jar:/Users/macosmonterey/.m2/repository/org/springframework/boot/spring-boot/3.1.2/spring-boot-3.1.2.jar:/Users/macosmonterey/.m2/repository/org/springframework/boot/spring-boot-autoconfigure/3.1.2/spring-boot-autoconfigure-3.1.2.jar:/Users/macosmonterey/.m2/repository/org/springframework/boot/spring-boot-starter-logging/3.1.2/spring-boot-starter-logging-3.1.2.jar:/Users/macosmonterey/.m2/repository/ch/qos/logback/logback-classic/1.4.8/logback-classic-1.4.8.jar:/Users/macosmonterey/.m2/repository/ch/qos/logback/logback-core/1.4.8/logback-core-1.4.8.jar:/Users/macosmonterey/.m2/repository/org/apache/logging/log4j/log4j-to-slf4j/2.20.0/log4j-to-slf4j-2.20.0.jar:/Users/macosmonterey/.m2/repository/org/apache/logging/log4j/log4j-api/2.20.0/log4j-api-2.20.0.jar:/Users/macosmonterey/.m2/repository/org/slf4j/jul-to-slf4j/2.0.7/jul-to-slf4j-2.0.7.jar:/Users/macosmonterey/.m2/repository/jakarta/annotation/jakarta.annotation-api/2.1.1/jakarta.annotation-api-2.1.1.jar:/Users/macosmonterey/.m2/repository/org/springframework/spring-core/6.0.11/spring-core-6.0.11.jar:/Users/macosmonterey/.m2/repository/org/springframework/spring-jcl/6.0.11/spring-jcl-6.0.11.jar:/Users/macosmonterey/.m2/repository/org/yaml/snakeyaml/1.33/snakeyaml-1.33.jar:/Users/macosmonterey/.m2/repository/org/springframework/boot/spring-boot-starter-json/3.1.2/spring-boot-starter-json-3.1.2.jar:/Users/macosmonterey/.m2/repository/com/fasterxml/jackson/datatype/jackson-datatype-jdk8/2.15.2/jackson-datatype-jdk8-2.15.2.jar:/Users/macosmonterey/.m2/repository/com/fasterxml/jackson/datatype/jackson-datatype-jsr310/2.15.2/jackson-datatype-jsr310-2.15.2.jar:/Users/macosmonterey/.m2/repository/com/fasterxml/jackson/module/jackson-module-parameter-names/2.15.2/jackson-module-parameter-names-2.15.2.jar:/Users/macosmonterey/.m2/repository/org/springframework/spring-web/6.0.11/spring-web-6.0.11.jar:/Users/macosmonterey/.m2/repository/org/springframework/spring-beans/6.0.11/spring-beans-6.0.11.jar:/Users/macosmonterey/.m2/repository/io/micrometer/micrometer-observation/1.11.2/micrometer-observation-1.11.2.jar:/Users/macosmonterey/.m2/repository/io/micrometer/micrometer-commons/1.11.2/micrometer-commons-1.11.2.jar:/Users/macosmonterey/.m2/repository/org/springframework/spring-webmvc/6.0.11/spring-webmvc-6.0.11.jar:/Users/macosmonterey/.m2/repository/org/springframework/spring-aop/6.0.11/spring-aop-6.0.11.jar:/Users/macosmonterey/.m2/repository/org/springframework/spring-context/6.0.11/spring-context-6.0.11.jar:/Users/macosmonterey/.m2/repository/org/springframework/spring-expression/6.0.11/spring-expression-6.0.11.jar:/Users/macosmonterey/.m2/repository/org/springframework/boot/spring-boot-starter-data-jpa/3.1.2/spring-boot-starter-data-jpa-3.1.2.jar:/Users/macosmonterey/.m2/repository/org/springframework/boot/spring-boot-starter-aop/3.1.2/spring-boot-starter-aop-3.1.2.jar:/Users/macosmonterey/.m2/repository/org/aspectj/aspectjweaver/1.9.19/aspectjweaver-1.9.19.jar:/Users/macosmonterey/.m2/repository/org/springframework/boot/spring-boot-starter-jdbc/3.1.2/spring-boot-starter-jdbc-3.1.2.jar:/Users/macosmonterey/.m2/repository/com/zaxxer/HikariCP/5.0.1/HikariCP-5.0.1.jar:/Users/macosmonterey/.m2/repository/org/springframework/spring-jdbc/6.0.11/spring-jdbc-6.0.11.jar:/Users/macosmonterey/.m2/repository/org/hibernate/orm/hibernate-core/6.2.6.Final/hibernate-core-6.2.6.Final.jar:/Users/macosmonterey/.m2/repository/jakarta/persistence/jakarta.persistence-api/3.1.0/jakarta.persistence-api-3.1.0.jar:/Users/macosmonterey/.m2/repository/jakarta/transaction/jakarta.transaction-api/2.0.1/jakarta.transaction-api-2.0.1.jar:/Users/macosmonterey/.m2/repository/org/jboss/logging/jboss-logging/3.5.3.Final/jboss-logging-3.5.3.Final.jar:/Users/macosmonterey/.m2/repository/org/hibernate/common/hibernate-commons-annotations/6.0.6.Final/hibernate-commons-annotations-6.0.6.Final.jar:/Users/macosmonterey/.m2/repository/io/smallrye/jandex/3.0.5/jandex-3.0.5.jar:/Users/macosmonterey/.m2/repository/com/fasterxml/classmate/1.5.1/classmate-1.5.1.jar:/Users/macosmonterey/.m2/repository/net/bytebuddy/byte-buddy/1.14.5/byte-buddy-1.14.5.jar:/Users/macosmonterey/.m2/repository/jakarta/xml/bind/jakarta.xml.bind-api/4.0.0/jakarta.xml.bind-api-4.0.0.jar:/Users/macosmonterey/.m2/repository/jakarta/activation/jakarta.activation-api/2.1.2/jakarta.activation-api-2.1.2.jar:/Users/macosmonterey/.m2/repository/org/glassfish/jaxb/jaxb-runtime/4.0.3/jaxb-runtime-4.0.3.jar:/Users/macosmonterey/.m2/repository/org/glassfish/jaxb/jaxb-core/4.0.3/jaxb-core-4.0.3.jar:/Users/macosmonterey/.m2/repository/org/eclipse/angus/angus-activation/2.0.1/angus-activation-2.0.1.jar:/Users/macosmonterey/.m2/repository/org/glassfish/jaxb/txw2/4.0.3/txw2-4.0.3.jar:/Users/macosmonterey/.m2/repository/com/sun/istack/istack-commons-runtime/4.1.2/istack-commons-runtime-4.1.2.jar:/Users/macosmonterey/.m2/repository/jakarta/inject/jakarta.inject-api/2.0.1/jakarta.inject-api-2.0.1.jar:/Users/macosmonterey/.m2/repository/org/antlr/antlr4-runtime/4.10.1/antlr4-runtime-4.10.1.jar:/Users/macosmonterey/.m2/repository/org/springframework/data/spring-data-jpa/3.1.2/spring-data-jpa-3.1.2.jar:/Users/macosmonterey/.m2/repository/org/springframework/data/spring-data-commons/3.1.2/spring-data-commons-3.1.2.jar:/Users/macosmonterey/.m2/repository/org/springframework/spring-orm/6.0.11/spring-orm-6.0.11.jar:/Users/macosmonterey/.m2/repository/org/springframework/spring-tx/6.0.11/spring-tx-6.0.11.jar:/Users/macosmonterey/.m2/repository/org/springframework/spring-aspects/6.0.11/spring-aspects-6.0.11.jar:/Users/macosmonterey/.m2/repository/org/projectlombok/lombok/1.18.28/lombok-1.18.28.jar:/Users/macosmonterey/.m2/repository/com/h2database/h2/2.1.214/h2-2.1.214.jar:/Users/macosmonterey/.m2/repository/org/junit/jupiter/junit-jupiter/5.9.3/junit-jupiter-5.9.3.jar:/Users/macosmonterey/.m2/repository/org/junit/jupiter/junit-jupiter-api/5.9.3/junit-jupiter-api-5.9.3.jar:/Users/macosmonterey/.m2/repository/org/opentest4j/opentest4j/1.2.0/opentest4j-1.2.0.jar:/Users/macosmonterey/.m2/repository/org/junit/platform/junit-platform-commons/1.9.3/junit-platform-commons-1.9.3.jar:/Users/macosmonterey/.m2/repository/org/apiguardian/apiguardian-api/1.1.2/apiguardian-api-1.1.2.jar:/Users/macosmonterey/.m2/repository/org/junit/jupiter/junit-jupiter-params/5.9.3/junit-jupiter-params-5.9.3.jar:/Users/macosmonterey/.m2/repository/org/junit/jupiter/junit-jupiter-engine/5.9.3/junit-jupiter-engine-5.9.3.jar:/Users/macosmonterey/.m2/repository/org/junit/platform/junit-platform-engine/1.9.3/junit-platform-engine-1.9.3.jar:"/>
    <property name="sun.cpu.endian" value="little"/>
    <property name="user.home" value="/Users/macosmonterey"/>
    <property name="user.language" value="en"/>
    <property name="java.specification.vendor" value="Oracle Corporation"/>
    <property name="java.version.date" value="2023-01-17"/>
    <property name="java.home" value="/Library/Java/JavaVirtualMachines/jdk-17.jdk/Contents/Home"/>
    <property name="file.separator" value="/"/>
    <property name="basedir" value="/Users/macosmonterey/Desktop/projects/spring-boot-lambda"/>
    <property name="java.vm.compressedOopsMode" value="Zero based"/>
    <property name="line.separator" value="&#10;"/>
    <property name="java.vm.specification.vendor" value="Oracle Corporation"/>
    <property name="java.specification.name" value="Java Platform API Specification"/>
    <property name="FILE_LOG_CHARSET" value="UTF-8"/>
    <property name="java.awt.headless" value="true"/>
    <property name="surefire.real.class.path" value="/Users/macosmonterey/Desktop/projects/spring-boot-lambda/target/surefire/surefirebooter-20240328144602654_3.jar"/>
    <property name="sun.management.compiler" value="HotSpot 64-Bit Tiered Compilers"/>
    <property name="ftp.nonProxyHosts" value="local|*.local|169.254/16|*.169.254/16"/>
    <property name="java.runtime.version" value="17.0.6+9-LTS-190"/>
    <property name="user.name" value="macosmonterey"/>
    <property name="path.separator" value=":"/>
    <property name="os.version" value="12.6.5"/>
    <property name="java.runtime.name" value="Java(TM) SE Runtime Environment"/>
    <property name="file.encoding" value="UTF-8"/>
    <property name="java.vm.name" value="Java HotSpot(TM) 64-Bit Server VM"/>
    <property name="localRepository" value="/Users/macosmonterey/.m2/repository"/>
    <property name="java.vendor.url.bug" value="https://bugreport.java.com/bugreport/"/>
    <property name="java.io.tmpdir" value="/var/folders/30/lslvj4td3qlgtw8tb7zwkzb80000gn/T/"/>
    <property name="idea.version" value="2022.3.2"/>
    <property name="com.zaxxer.hikari.pool_number" value="1"/>
    <property name="java.version" value="17.0.6"/>
    <property name="user.dir" value="/Users/macosmonterey/Desktop/projects/spring-boot-lambda"/>
    <property name="os.arch" value="x86_64"/>
    <property name="java.vm.specification.name" value="Java Virtual Machine Specification"/>
    <property name="PID" value="75126"/>
    <property name="CONSOLE_LOG_CHARSET" value="UTF-8"/>
    <property name="native.encoding" value="UTF-8"/>
    <property name="java.library.path" value="/Users/macosmonterey/Library/Java/Extensions:/Library/Java/Extensions:/Network/Library/Java/Extensions:/System/Library/Java/Extensions:/usr/lib/java:."/>
    <property name="java.vm.info" value="mixed mode, sharing"/>
    <property name="java.vendor" value="Oracle Corporation"/>
    <property name="java.vm.version" value="17.0.6+9-LTS-190"/>
    <property name="sun.io.unicode.encoding" value="UnicodeBig"/>
    <property name="socksNonProxyHosts" value="local|*.local|169.254/16|*.169.254/16"/>
    <property name="java.class.version" value="61.0"/>
  </properties>
  <testcase name="ping_streamRequest_respondsWithHello" classname="org.donatien.StreamLambdaHandlerTest" time="0.095">
    <system-out><![CDATA[14:46:03.445 [main] INFO com.amazonaws.serverless.proxy.internal.LambdaContainerHandler -- Starting Lambda Container Handler

  .   ____          _            __ _ _
 /\\ / ___'_ __ _ _(_)_ __  __ _ \ \ \ \
( ( )\___ | '_ | '_| | '_ \/ _` | \ \ \ \
 \\/  ___)| |_)| | | | | || (_| |  ) ) ) )
  '  |____| .__|_| |_|_| |_\__, | / / / /
 =========|_|==============|___/=/_/_/_/
 :: Spring Boot ::                (v3.1.2)

2024-03-28T14:46:03.945-04:00  INFO 75126 --- [           main] o.a.maven.surefire.booter.ForkedBooter   : Starting ForkedBooter v3.0.0 using Java 17.0.6 with PID 75126 (started by macosmonterey in /Users/macosmonterey/Desktop/projects/spring-boot-lambda)
2024-03-28T14:46:03.946-04:00  INFO 75126 --- [           main] o.a.maven.surefire.booter.ForkedBooter   : No active profile set, falling back to 1 default profile: "default"
2024-03-28T14:46:04.489-04:00  INFO 75126 --- [           main] .s.d.r.c.RepositoryConfigurationDelegate : Bootstrapping Spring Data JPA repositories in DEFAULT mode.
2024-03-28T14:46:04.546-04:00  INFO 75126 --- [           main] .s.d.r.c.RepositoryConfigurationDelegate : Finished Spring Data repository scanning in 47 ms. Found 1 JPA repository interfaces.
2024-03-28T14:46:04.845-04:00  INFO 75126 --- [           main] c.a.s.p.i.servlet.AwsServletContext      : Initializing Spring embedded WebApplicationContext
2024-03-28T14:46:04.847-04:00  INFO 75126 --- [           main] w.s.c.ServletWebServerApplicationContext : Root WebApplicationContext: initialization completed in 861 ms
2024-03-28T14:46:04.977-04:00  INFO 75126 --- [           main] com.zaxxer.hikari.HikariDataSource       : HikariPool-1 - Starting...
2024-03-28T14:46:05.148-04:00  INFO 75126 --- [           main] com.zaxxer.hikari.pool.HikariPool        : HikariPool-1 - Added connection conn0: url=jdbc:h2:mem:7419b2a7-3534-4969-b33f-a07a421126fd user=SA
2024-03-28T14:46:05.150-04:00  INFO 75126 --- [           main] com.zaxxer.hikari.HikariDataSource       : HikariPool-1 - Start completed.
2024-03-28T14:46:05.189-04:00  INFO 75126 --- [           main] o.hibernate.jpa.internal.util.LogHelper  : HHH000204: Processing PersistenceUnitInfo [name: default]
2024-03-28T14:46:05.230-04:00  INFO 75126 --- [           main] org.hibernate.Version                    : HHH000412: Hibernate ORM core version 6.2.6.Final
2024-03-28T14:46:05.232-04:00  INFO 75126 --- [           main] org.hibernate.cfg.Environment            : HHH000406: Using bytecode reflection optimizer
2024-03-28T14:46:05.367-04:00  INFO 75126 --- [           main] o.h.b.i.BytecodeProviderInitiator        : HHH000021: Bytecode provider name : bytebuddy
2024-03-28T14:46:05.479-04:00  INFO 75126 --- [           main] o.s.o.j.p.SpringPersistenceUnitInfo      : No LoadTimeWeaver setup: ignoring JPA class transformer
2024-03-28T14:46:05.668-04:00  INFO 75126 --- [           main] o.h.b.i.BytecodeProviderInitiator        : HHH000021: Bytecode provider name : bytebuddy
2024-03-28T14:46:06.194-04:00  INFO 75126 --- [           main] o.h.e.t.j.p.i.JtaPlatformInitiator       : HHH000490: Using JtaPlatform implementation: [org.hibernate.engine.transaction.jta.platform.internal.NoJtaPlatform]
2024-03-28T14:46:06.227-04:00  INFO 75126 --- [           main] j.LocalContainerEntityManagerFactoryBean : Initialized JPA EntityManagerFactory for persistence unit 'default'
2024-03-28T14:46:06.452-04:00  WARN 75126 --- [           main] JpaBaseConfiguration$JpaWebConfiguration : spring.jpa.open-in-view is enabled by default. Therefore, database queries may be performed during view rendering. Explicitly configure spring.jpa.open-in-view to disable this warning
2024-03-28T14:46:06.828-04:00  INFO 75126 --- [           main] o.a.maven.surefire.booter.ForkedBooter   : Started ForkedBooter in 3.165 seconds (process running for 4.104)
2024-03-28T14:46:07.032-04:00  INFO 75126 --- [           main] c.a.s.p.i.servlet.AwsServletContext      : Initializing Spring DispatcherServlet 'dispatcherServlet'
2024-03-28T14:46:07.033-04:00  INFO 75126 --- [           main] o.s.web.servlet.DispatcherServlet        : Initializing Servlet 'dispatcherServlet'
2024-03-28T14:46:07.034-04:00  INFO 75126 --- [           main] o.s.web.servlet.DispatcherServlet        : Completed initialization in 1 ms
2024-03-28T14:46:07.117-04:00  INFO 75126 --- [           main] c.a.s.p.internal.LambdaContainerHandler  : 127.0.0.1 null- null [28/03/2024:18:46:07-0400] "GET /ping HTTP/1.1" 200 24 "-" "-" combined
]]></system-out>
  </testcase>
  <testcase name="invalidResource_streamRequest_responds404" classname="org.donatien.StreamLambdaHandlerTest" time="0.004">
    <system-out><![CDATA[2024-03-28T14:46:07.139-04:00  WARN 75126 --- [           main] o.s.web.servlet.PageNotFound             : No mapping for GET /pong
2024-03-28T14:46:07.140-04:00  INFO 75126 --- [           main] c.a.s.p.internal.LambdaContainerHandler  : 127.0.0.1 null- null [28/03/2024:18:46:07-0400] "GET /pong HTTP/1.1" 404 - "-" "-" combined
]]></system-out>
  </testcase>
</testsuite>